SF:lib/src/controller/smart_pagination_controller.dart
DA:24,3
DA:46,3
DA:47,6
DA:48,1
DA:50,2
DA:53,6
DA:54,3
DA:55,3
DA:56,3
DA:112,2
DA:113,2
DA:116,2
DA:119,0
DA:122,2
DA:125,3
DA:126,3
DA:127,9
DA:128,3
DA:129,3
DA:131,3
DA:133,6
DA:134,1
DA:137,12
DA:138,2
DA:143,3
DA:148,3
DA:151,3
DA:153,6
DA:154,6
DA:155,6
DA:160,2
DA:161,2
DA:162,2
DA:164,0
DA:165,0
DA:167,0
DA:168,0
DA:169,0
DA:170,0
DA:171,0
DA:173,0
DA:177,2
DA:178,2
DA:180,0
DA:181,0
DA:182,0
DA:183,0
DA:184,0
DA:191,3
DA:192,3
DA:193,6
DA:194,3
DA:195,3
DA:197,9
DA:199,3
DA:200,3
DA:201,3
DA:202,3
DA:203,3
DA:206,3
DA:207,3
DA:208,3
DA:217,0
DA:220,1
DA:221,1
DA:222,2
DA:223,2
DA:224,2
DA:225,2
DA:229,3
DA:230,4
DA:231,2
DA:232,2
DA:234,3
DA:236,1
DA:237,1
DA:240,1
DA:242,1
DA:253,1
DA:254,1
DA:255,2
DA:256,1
DA:257,1
DA:259,3
DA:261,1
DA:262,1
DA:265,1
DA:267,1
DA:268,1
DA:269,1
DA:278,1
DA:279,3
DA:281,3
DA:282,1
DA:284,0
DA:289,1
DA:290,1
DA:291,1
DA:292,1
DA:294,3
DA:296,3
DA:297,1
DA:298,3
DA:299,1
DA:300,1
DA:302,1
DA:307,1
DA:308,3
DA:310,0
DA:312,1
DA:314,1
DA:318,1
DA:319,1
DA:320,3
DA:322,2
DA:323,3
DA:325,1
DA:327,1
DA:331,0
DA:332,0
DA:333,0
DA:337,1
DA:338,1
DA:339,3
DA:341,2
DA:342,3
DA:343,1
DA:344,1
DA:346,1
DA:350,0
DA:351,0
DA:352,0
DA:354,0
DA:357,0
DA:359,0
DA:360,0
DA:361,0
DA:362,0
DA:363,0
DA:365,0
DA:369,0
DA:370,0
DA:371,0
DA:372,0
DA:373,0
DA:374,0
DA:375,0
DA:376,0
DA:378,0
DA:379,0
DA:380,0
DA:381,0
DA:386,0
DA:387,0
DA:388,0
DA:392,0
DA:393,0
DA:394,0
DA:395,0
DA:396,0
DA:397,0
DA:398,0
DA:402,0
DA:403,0
DA:404,0
DA:409,3
DA:417,3
DA:418,9
DA:420,6
DA:427,3
DA:428,0
DA:430,6
DA:432,2
DA:433,0
DA:437,4
DA:439,6
DA:443,2
DA:444,4
DA:448,5
DA:454,2
DA:456,1
DA:461,2
DA:462,6
DA:467,6
DA:469,4
DA:470,2
DA:471,2
DA:474,2
DA:476,2
DA:478,3
DA:482,1
DA:484,3
DA:486,1
DA:487,1
DA:490,2
DA:491,0
DA:492,0
DA:493,0
DA:494,0
DA:500,2
DA:502,2
DA:503,2
DA:504,4
DA:505,4
DA:506,4
DA:507,2
LF:206
LH:144
end_of_record
SF:lib/src/errors/smart_pagination_error.dart
DA:40,1
DA:48,1
DA:49,1
DA:53,2
DA:57,1
DA:58,1
DA:59,1
DA:60,1
DA:62,1
DA:64,2
DA:66,2
DA:68,2
DA:70,1
DA:71,1
DA:72,1
DA:73,1
DA:75,1
DA:76,1
DA:77,1
DA:78,1
DA:82,1
DA:84,1
DA:102,0
DA:103,0
LF:24
LH:22
end_of_record
SF:lib/src/models/smart_page_result.dart
DA:7,2
DA:26,0
DA:29,0
DA:30,0
DA:31,0
DA:32,0
DA:33,0
DA:36,0
DA:37,0
DA:38,0
DA:39,0
DA:40,0
DA:41,0
DA:44,0
DA:46,0
LF:15
LH:1
end_of_record
SF:lib/src/models/smart_pagination_request.dart
DA:8,3
DA:40,3
DA:41,6
DA:42,7
DA:43,3
DA:44,3
DA:45,29
DA:48,0
DA:51,0
DA:52,0
DA:53,0
DA:54,0
DA:55,0
DA:56,0
DA:57,0
DA:58,0
DA:61,0
DA:62,0
DA:63,0
DA:64,0
DA:65,0
DA:66,0
DA:67,0
DA:68,0
DA:69,0
DA:70,0
DA:73,0
DA:75,0
LF:28
LH:7
end_of_record
SF:lib/src/models/smart_sort.dart
DA:7,1
DA:19,0
DA:23,0
DA:24,0
DA:25,0
DA:29,1
DA:32,0
DA:33,0
DA:34,0
DA:37,0
DA:38,0
DA:40,0
DA:41,0
LF:13
LH:2
end_of_record
SF:lib/src/state/smart_pagination_state.dart
DA:11,3
DA:25,3
DA:26,3
DA:29,3
DA:34,3
DA:47,6
DA:86,9
DA:87,6
DA:88,3
DA:89,3
DA:90,3
DA:91,6
DA:94,2
DA:95,2
DA:96,0
DA:100,3
DA:115,3
DA:116,3
DA:117,1
DA:118,1
DA:119,1
DA:120,3
DA:121,5
DA:122,3
DA:123,4
DA:124,3
DA:125,4
DA:126,4
DA:127,4
DA:128,4
DA:132,0
DA:135,0
DA:136,0
DA:137,0
DA:138,0
DA:139,0
DA:140,0
DA:141,0
DA:142,0
DA:143,0
DA:144,0
DA:145,0
DA:146,0
DA:147,0
DA:150,0
DA:151,0
DA:152,0
DA:153,0
DA:154,0
DA:155,0
DA:156,0
DA:157,0
DA:158,0
DA:159,0
DA:160,0
DA:161,0
DA:162,0
DA:163,0
DA:164,0
DA:167,0
DA:169,0
LF:61
LH:29
end_of_record
SF:lib/src/theme/smart_pagination_theme.dart
DA:7,1
DA:47,1
DA:48,1
DA:49,3
DA:50,1
DA:54,1
DA:55,1
DA:56,3
DA:57,1
DA:60,0
DA:63,0
DA:64,0
DA:65,0
DA:66,0
DA:67,0
DA:68,0
DA:69,0
DA:70,0
DA:71,0
DA:72,0
DA:75,0
DA:76,0
DA:77,0
DA:78,0
DA:79,0
DA:80,0
DA:81,0
DA:82,0
DA:83,0
DA:84,0
DA:85,0
DA:92,0
DA:102,2
DA:104,2
DA:105,0
DA:108,0
DA:109,0
LF:37
LH:11
end_of_record
SF:lib/src/widgets/shimmer/smart_shimmer.dart
DA:7,1
DA:27,1
DA:28,1
DA:35,1
DA:37,1
DA:38,2
DA:40,2
DA:41,1
DA:44,1
DA:46,2
DA:47,1
DA:50,1
DA:52,1
DA:53,3
DA:54,3
DA:56,1
DA:57,1
DA:58,2
DA:59,1
DA:60,1
DA:62,1
DA:63,1
DA:66,1
DA:80,3
DA:81,1
DA:91,1
DA:95,1
DA:97,6
DA:104,1
DA:117,1
DA:119,3
DA:120,1
DA:122,1
DA:123,1
DA:124,1
DA:125,1
DA:126,1
DA:128,1
DA:137,1
DA:148,1
DA:150,1
DA:151,1
DA:152,1
DA:155,1
DA:156,1
DA:157,1
DA:158,0
LF:47
LH:46
end_of_record
SF:lib/src/widgets/smart_load_more.dart
DA:8,1
DA:41,1
DA:43,1
DA:44,0
DA:45,0
DA:47,0
DA:50,0
DA:52,0
DA:53,0
DA:55,0
DA:56,0
DA:61,0
DA:62,0
DA:71,1
DA:72,0
DA:73,0
DA:75,0
DA:78,0
DA:89,1
DA:90,0
DA:91,0
DA:93,0
DA:96,0
DA:98,0
DA:99,0
LF:25
LH:5
end_of_record
SF:lib/src/widgets/smart_paginated_grid.dart
DA:14,0
DA:83,0
DA:84,0
DA:91,0
DA:93,0
DA:94,0
DA:95,0
DA:97,0
DA:98,0
DA:100,0
DA:103,0
DA:104,0
DA:105,0
DA:107,0
DA:108,0
DA:109,0
DA:110,0
DA:112,0
DA:113,0
DA:116,0
DA:117,0
DA:118,0
DA:123,0
DA:125,0
DA:126,0
DA:127,0
DA:129,0
DA:132,0
DA:133,0
DA:134,0
DA:135,0
DA:136,0
DA:137,0
DA:138,0
DA:139,0
DA:142,0
DA:143,0
DA:144,0
DA:145,0
DA:146,0
DA:150,0
DA:151,0
DA:152,0
DA:154,0
DA:155,0
DA:156,0
DA:157,0
DA:158,0
DA:159,0
DA:160,0
DA:161,0
DA:162,0
DA:172,0
DA:173,0
DA:174,0
DA:175,0
DA:177,0
DA:178,0
DA:180,0
DA:182,0
DA:189,0
DA:190,0
DA:191,0
DA:193,0
DA:194,0
DA:196,0
DA:198,0
DA:201,0
DA:203,0
DA:204,0
DA:213,0
DA:214,0
DA:215,0
DA:216,0
DA:218,0
DA:220,0
DA:221,0
DA:222,0
DA:223,0
DA:224,0
DA:225,0
DA:226,0
DA:227,0
DA:228,0
DA:229,0
DA:230,0
DA:231,0
DA:232,0
DA:237,0
DA:238,0
DA:239,0
DA:240,0
DA:241,0
DA:242,0
DA:243,0
DA:249,0
DA:250,0
DA:251,0
DA:256,0
DA:257,0
DA:258,0
DA:259,0
DA:260,0
DA:268,0
DA:270,0
DA:271,0
DA:272,0
DA:273,0
LF:108
LH:0
end_of_record
SF:lib/src/widgets/smart_paginated_list.dart
DA:14,1
DA:41,0
DA:137,1
DA:138,1
DA:147,1
DA:149,1
DA:150,2
DA:151,3
DA:153,0
DA:154,0
DA:155,0
DA:157,0
DA:158,0
DA:161,2
DA:162,0
DA:164,2
DA:165,1
DA:168,3
DA:171,0
DA:173,0
DA:174,0
DA:175,0
DA:176,0
DA:177,0
DA:179,0
DA:183,0
DA:184,0
DA:185,0
DA:187,0
DA:188,0
DA:189,0
DA:190,0
DA:193,0
DA:194,0
DA:198,0
DA:199,0
DA:200,0
DA:205,1
DA:207,3
DA:208,1
DA:209,2
DA:211,1
DA:212,0
DA:214,1
DA:217,1
DA:218,2
DA:219,0
DA:221,2
DA:222,1
DA:223,2
DA:224,2
DA:232,0
DA:233,0
DA:234,0
DA:236,0
DA:237,0
DA:239,0
DA:240,0
DA:242,0
DA:244,0
DA:249,0
DA:251,0
DA:258,0
DA:259,0
DA:260,0
DA:262,0
DA:263,0
DA:265,0
DA:267,0
DA:270,0
DA:272,0
DA:277,0
DA:278,0
DA:280,0
DA:283,0
DA:284,0
DA:294,1
DA:295,1
DA:296,1
DA:299,1
DA:300,0
DA:303,4
DA:304,0
DA:307,3
DA:308,3
DA:311,2
DA:312,0
DA:313,0
DA:314,0
DA:315,0
DA:316,0
DA:317,0
DA:318,0
DA:320,0
DA:321,0
DA:322,0
DA:323,0
DA:324,0
DA:325,0
DA:326,0
DA:327,0
DA:328,0
DA:331,0
DA:335,1
DA:336,1
DA:337,2
DA:338,2
DA:339,2
DA:340,2
DA:341,2
DA:342,2
DA:344,1
DA:345,3
DA:346,1
DA:347,1
DA:348,1
DA:349,1
DA:350,0
DA:351,2
DA:354,5
DA:359,2
DA:360,1
DA:361,0
DA:366,3
DA:367,2
DA:368,1
DA:369,1
DA:370,1
DA:371,2
DA:379,1
DA:381,1
DA:382,1
DA:383,1
DA:384,1
LF:134
LH:60
end_of_record
SF:lib/src/widgets/smart_pagination_bar.dart
DA:11,2
DA:44,0
DA:45,0
DA:46,0
DA:47,0
DA:48,0
DA:50,0
DA:53,2
DA:55,2
DA:56,2
DA:57,2
DA:58,2
DA:59,0
DA:62,2
DA:63,2
DA:64,2
DA:65,2
DA:66,4
DA:68,4
DA:76,2
DA:77,1
DA:78,2
DA:79,0
DA:80,2
DA:81,2
DA:82,0
DA:83,0
DA:91,2
DA:92,6
DA:94,0
DA:95,0
DA:98,0
DA:99,0
DA:101,0
DA:104,0
DA:106,0
DA:108,0
DA:113,2
DA:114,2
DA:115,2
DA:117,6
DA:118,1
DA:119,2
DA:121,2
DA:123,2
DA:124,2
DA:125,4
DA:127,2
DA:129,2
DA:130,2
DA:133,8
DA:134,6
DA:135,2
DA:137,4
DA:139,2
DA:140,0
DA:142,0
DA:150,1
DA:151,1
DA:152,4
DA:153,2
DA:155,1
DA:157,0
DA:158,2
DA:160,1
DA:161,1
DA:162,1
DA:163,2
DA:164,4
DA:166,1
DA:168,1
DA:169,1
DA:172,0
DA:174,1
DA:175,1
DA:176,1
DA:178,4
DA:183,1
DA:186,0
DA:193,0
DA:194,0
DA:195,0
DA:196,0
DA:198,0
DA:199,0
DA:200,0
DA:201,0
DA:202,0
DA:204,0
DA:205,0
DA:206,0
DA:208,0
DA:209,0
DA:213,0
DA:214,0
DA:215,0
DA:216,0
DA:217,0
DA:232,2
DA:233,2
DA:234,8
DA:235,4
DA:237,2
DA:238,2
DA:239,2
DA:240,4
DA:241,8
DA:243,2
DA:244,2
DA:245,2
DA:247,2
DA:249,2
DA:250,0
DA:254,4
DA:255,2
DA:256,4
DA:257,2
DA:258,0
DA:273,2
DA:274,2
DA:275,2
DA:278,2
DA:280,2
DA:281,2
DA:287,0
DA:288,0
DA:289,0
DA:291,0
DA:292,0
DA:295,0
DA:296,0
DA:298,0
DA:300,0
DA:301,0
DA:302,0
DA:303,0
DA:304,0
DA:305,0
DA:307,0
DA:309,0
DA:310,0
DA:311,0
DA:312,0
DA:314,0
DA:316,0
DA:317,0
DA:319,0
DA:320,0
DA:321,0
DA:330,0
LF:150
LH:80
end_of_record
SF:lib/src/utils/request_coordinator.dart
DA:7,2
DA:10,3
DA:11,6
DA:15,2
DA:16,4
DA:20,3
DA:21,6
DA:24,6
DA:29,2
DA:30,4
DA:34,2
DA:35,4
LF:12
LH:12
end_of_record
SF:lib/src/utils/search_debouncer.dart
DA:7,3
DA:17,1
DA:18,2
DA:19,3
DA:23,2
DA:24,3
DA:25,2
LF:7
LH:7
end_of_record
