SF:lib/src/controller/smart_pagination_controller.dart
DA:24,3
DA:46,3
DA:47,6
DA:48,1
DA:50,2
DA:53,6
DA:54,3
DA:55,3
DA:56,3
DA:112,2
DA:113,2
DA:116,4
DA:119,0
DA:122,2
DA:125,3
DA:126,3
DA:127,9
DA:128,3
DA:129,3
DA:131,3
DA:133,6
DA:134,2
DA:137,12
DA:138,3
DA:143,3
DA:148,3
DA:151,3
DA:153,6
DA:154,6
DA:155,6
DA:160,3
DA:162,3
DA:163,3
DA:165,0
DA:166,0
DA:168,0
DA:169,0
DA:170,0
DA:171,0
DA:172,0
DA:174,0
DA:178,3
DA:179,3
DA:181,0
DA:182,0
DA:183,0
DA:184,0
DA:185,0
DA:192,3
DA:193,3
DA:194,6
DA:195,3
DA:196,3
DA:198,9
DA:200,3
DA:201,3
DA:202,3
DA:203,3
DA:204,3
DA:207,3
DA:208,3
DA:209,3
DA:218,0
DA:221,2
DA:222,2
DA:223,4
DA:224,4
DA:225,4
DA:226,4
DA:230,6
DA:231,8
DA:232,4
DA:233,4
DA:235,6
DA:237,2
DA:238,2
DA:241,2
DA:243,2
DA:254,1
DA:255,1
DA:256,2
DA:257,1
DA:258,1
DA:260,3
DA:262,1
DA:263,1
DA:266,1
DA:268,1
DA:269,1
DA:270,1
DA:279,1
DA:280,3
DA:282,3
DA:283,1
DA:285,0
DA:290,1
DA:291,1
DA:292,1
DA:293,1
DA:295,3
DA:297,3
DA:298,1
DA:299,3
DA:300,1
DA:301,1
DA:303,1
DA:308,1
DA:309,3
DA:311,0
DA:313,1
DA:315,1
DA:319,1
DA:320,1
DA:321,3
DA:323,2
DA:324,3
DA:326,1
DA:328,1
DA:332,0
DA:333,0
DA:334,0
DA:338,1
DA:339,1
DA:340,3
DA:342,2
DA:343,3
DA:344,1
DA:345,1
DA:347,1
DA:351,0
DA:352,0
DA:353,0
DA:355,0
DA:358,0
DA:360,0
DA:361,0
DA:362,0
DA:363,0
DA:364,0
DA:366,0
DA:370,0
DA:371,0
DA:372,0
DA:373,0
DA:374,0
DA:375,0
DA:376,0
DA:377,0
DA:379,0
DA:380,0
DA:381,0
DA:382,0
DA:387,0
DA:388,0
DA:389,0
DA:393,1
DA:394,1
DA:395,1
DA:396,0
DA:397,0
DA:398,0
DA:399,0
DA:403,0
DA:404,0
DA:405,0
DA:410,3
DA:418,3
DA:419,9
DA:421,6
DA:428,3
DA:429,0
DA:431,6
DA:433,3
DA:434,0
DA:438,6
DA:440,9
DA:444,3
DA:445,6
DA:449,10
DA:455,3
DA:457,1
DA:462,3
DA:463,9
DA:468,8
DA:470,6
DA:471,3
DA:472,3
DA:475,3
DA:477,4
DA:479,6
DA:483,2
DA:485,6
DA:487,2
DA:488,2
DA:491,4
DA:492,0
DA:493,0
DA:494,0
DA:495,0
DA:496,0
DA:502,3
DA:504,3
DA:505,3
DA:506,6
DA:507,6
DA:508,6
DA:509,3
LF:207
LH:147
end_of_record
SF:lib/src/errors/smart_pagination_error.dart
DA:40,2
DA:48,2
DA:49,2
DA:53,4
DA:57,2
DA:58,2
DA:59,2
DA:60,2
DA:62,2
DA:64,4
DA:66,4
DA:68,4
DA:70,2
DA:71,2
DA:72,2
DA:73,2
DA:75,2
DA:76,2
DA:77,2
DA:78,2
DA:82,2
DA:84,2
DA:102,0
DA:103,0
LF:24
LH:22
end_of_record
SF:lib/src/models/smart_page_result.dart
DA:7,3
DA:26,0
DA:29,0
DA:30,0
DA:31,0
DA:32,0
DA:33,0
DA:36,0
DA:37,0
DA:38,0
DA:39,0
DA:40,0
DA:41,0
DA:44,0
DA:46,0
LF:15
LH:1
end_of_record
SF:lib/src/models/smart_pagination_request.dart
DA:8,3
DA:40,3
DA:42,19
DA:43,29
DA:46,0
DA:49,0
DA:50,0
DA:51,0
DA:52,0
DA:53,0
DA:54,0
DA:55,0
DA:56,0
DA:59,0
DA:60,0
DA:61,0
DA:62,0
DA:63,0
DA:64,0
DA:65,0
DA:66,0
DA:67,0
DA:68,0
DA:71,0
DA:73,0
LF:25
LH:4
end_of_record
SF:lib/src/models/smart_sort.dart
DA:7,1
DA:19,0
DA:23,0
DA:24,0
DA:25,0
DA:29,1
DA:32,0
DA:33,0
DA:34,0
DA:37,0
DA:38,0
DA:40,0
DA:41,0
LF:13
LH:2
end_of_record
SF:lib/src/state/smart_pagination_state.dart
DA:11,3
DA:25,3
DA:26,3
DA:29,3
DA:34,3
DA:47,6
DA:86,9
DA:87,6
DA:88,6
DA:89,3
DA:90,3
DA:91,6
DA:94,2
DA:95,6
DA:96,8
DA:100,3
DA:115,3
DA:116,3
DA:117,1
DA:118,2
DA:119,2
DA:120,3
DA:121,6
DA:122,3
DA:123,4
DA:124,3
DA:125,4
DA:126,5
DA:127,4
DA:128,4
DA:132,0
DA:135,0
DA:136,0
DA:137,0
DA:138,0
DA:139,0
DA:140,0
DA:141,0
DA:142,0
DA:143,0
DA:144,0
DA:145,0
DA:146,0
DA:147,0
DA:150,0
DA:151,0
DA:152,0
DA:153,0
DA:154,0
DA:155,0
DA:156,0
DA:157,0
DA:158,0
DA:159,0
DA:160,0
DA:161,0
DA:162,0
DA:163,0
DA:164,0
DA:167,0
DA:169,0
LF:61
LH:30
end_of_record
SF:lib/src/theme/smart_pagination_theme.dart
DA:7,1
DA:47,1
DA:48,1
DA:49,3
DA:50,1
DA:54,1
DA:55,1
DA:56,3
DA:57,1
DA:60,0
DA:63,0
DA:64,0
DA:65,0
DA:66,0
DA:67,0
DA:68,0
DA:69,0
DA:70,0
DA:71,0
DA:72,0
DA:75,0
DA:76,0
DA:77,0
DA:78,0
DA:79,0
DA:80,0
DA:81,0
DA:82,0
DA:83,0
DA:84,0
DA:85,0
DA:92,0
DA:102,2
DA:104,2
DA:105,0
DA:108,0
DA:110,0
LF:37
LH:11
end_of_record
SF:lib/src/widgets/shimmer/smart_shimmer.dart
DA:7,1
DA:27,1
DA:28,1
DA:35,1
DA:37,1
DA:38,2
DA:40,2
DA:41,1
DA:44,1
DA:46,2
DA:47,1
DA:50,1
DA:52,1
DA:54,3
DA:55,2
DA:56,1
DA:58,1
DA:59,1
DA:60,2
DA:61,1
DA:62,1
DA:64,1
DA:65,1
DA:68,1
DA:83,3
DA:84,1
DA:94,1
DA:98,1
DA:100,1
DA:101,5
DA:108,1
DA:121,1
DA:123,3
DA:124,1
DA:126,1
DA:127,1
DA:128,1
DA:129,1
DA:130,1
DA:132,1
DA:141,1
DA:152,1
DA:154,1
DA:155,1
DA:156,1
DA:159,1
DA:160,1
DA:161,1
DA:162,0
LF:49
LH:48
end_of_record
SF:lib/src/widgets/smart_load_more.dart
DA:8,1
DA:42,1
DA:44,1
DA:45,0
DA:46,0
DA:48,0
DA:51,0
DA:53,0
DA:54,0
DA:56,0
DA:57,0
DA:62,0
DA:63,0
DA:72,1
DA:73,0
DA:74,0
DA:76,0
DA:79,0
DA:90,1
DA:91,0
DA:92,0
DA:94,0
DA:97,0
DA:99,0
DA:100,0
LF:25
LH:5
end_of_record
SF:lib/src/widgets/smart_paginated_grid.dart
DA:14,0
DA:84,0
DA:85,0
DA:92,0
DA:94,0
DA:95,0
DA:96,0
DA:98,0
DA:99,0
DA:101,0
DA:104,0
DA:105,0
DA:106,0
DA:108,0
DA:109,0
DA:110,0
DA:111,0
DA:113,0
DA:114,0
DA:117,0
DA:118,0
DA:119,0
DA:124,0
DA:126,0
DA:127,0
DA:128,0
DA:130,0
DA:133,0
DA:134,0
DA:135,0
DA:136,0
DA:137,0
DA:138,0
DA:139,0
DA:140,0
DA:143,0
DA:144,0
DA:145,0
DA:146,0
DA:147,0
DA:151,0
DA:152,0
DA:153,0
DA:155,0
DA:156,0
DA:157,0
DA:158,0
DA:159,0
DA:160,0
DA:161,0
DA:162,0
DA:163,0
DA:173,0
DA:174,0
DA:175,0
DA:176,0
DA:178,0
DA:179,0
DA:180,0
DA:182,0
DA:184,0
DA:185,0
DA:186,0
DA:187,0
DA:194,0
DA:195,0
DA:196,0
DA:197,0
DA:199,0
DA:200,0
DA:202,0
DA:204,0
DA:208,0
DA:210,0
DA:211,0
DA:220,0
DA:221,0
DA:222,0
DA:223,0
DA:225,0
DA:226,0
DA:230,0
DA:232,0
DA:233,0
DA:234,0
DA:235,0
DA:236,0
DA:237,0
DA:238,0
DA:239,0
DA:240,0
DA:241,0
DA:242,0
DA:243,0
DA:244,0
DA:245,0
DA:250,0
DA:251,0
DA:252,0
DA:253,0
DA:254,0
DA:255,0
DA:256,0
DA:262,0
DA:263,0
DA:264,0
DA:269,0
DA:270,0
DA:271,0
DA:272,0
DA:273,0
DA:281,0
DA:283,0
DA:284,0
DA:285,0
DA:286,0
LF:116
LH:0
end_of_record
SF:lib/src/widgets/smart_paginated_list.dart
DA:14,1
DA:41,0
DA:138,1
DA:139,1
DA:148,1
DA:150,1
DA:151,2
DA:152,3
DA:154,0
DA:155,0
DA:156,0
DA:158,0
DA:159,0
DA:162,2
DA:163,0
DA:165,2
DA:166,1
DA:169,3
DA:172,0
DA:174,0
DA:175,0
DA:176,0
DA:177,0
DA:178,0
DA:180,0
DA:184,1
DA:185,1
DA:186,3
DA:188,2
DA:189,2
DA:190,1
DA:191,1
DA:194,4
DA:195,2
DA:199,2
DA:200,1
DA:201,1
DA:206,1
DA:208,3
DA:209,1
DA:210,2
DA:212,1
DA:213,0
DA:215,1
DA:218,1
DA:219,2
DA:220,0
DA:222,2
DA:223,1
DA:224,2
DA:225,2
DA:233,0
DA:234,0
DA:235,0
DA:237,0
DA:238,0
DA:240,0
DA:241,0
DA:242,0
DA:244,0
DA:246,0
DA:251,0
DA:253,0
DA:260,1
DA:261,2
DA:262,3
DA:263,3
DA:265,0
DA:266,0
DA:268,0
DA:270,0
DA:274,0
DA:276,0
DA:281,0
DA:282,0
DA:284,0
DA:287,0
DA:288,0
DA:298,1
DA:299,1
DA:300,1
DA:303,3
DA:304,2
DA:307,4
DA:308,0
DA:312,3
DA:313,3
DA:316,2
DA:317,0
DA:318,0
DA:319,0
DA:320,0
DA:321,0
DA:322,0
DA:323,0
DA:325,0
DA:326,0
DA:327,0
DA:328,0
DA:329,0
DA:330,0
DA:331,0
DA:332,0
DA:333,0
DA:336,0
DA:340,1
DA:341,1
DA:342,2
DA:343,2
DA:344,2
DA:345,2
DA:346,2
DA:347,2
DA:349,1
DA:350,3
DA:351,1
DA:352,1
DA:353,1
DA:354,1
DA:355,0
DA:356,2
DA:359,5
DA:364,2
DA:365,1
DA:366,0
DA:371,3
DA:372,2
DA:373,1
DA:374,1
DA:375,1
DA:376,2
DA:384,1
DA:386,1
DA:387,1
DA:388,1
DA:389,1
LF:136
LH:77
end_of_record
SF:lib/src/widgets/smart_pagination_bar.dart
DA:11,2
DA:44,0
DA:45,0
DA:46,0
DA:48,0
DA:49,0
DA:51,0
DA:54,2
DA:56,2
DA:57,2
DA:58,2
DA:59,2
DA:60,0
DA:63,2
DA:64,2
DA:65,2
DA:66,2
DA:67,4
DA:69,4
DA:77,2
DA:78,1
DA:79,2
DA:80,0
DA:81,2
DA:82,2
DA:83,0
DA:84,0
DA:92,2
DA:93,6
DA:96,14
DA:97,8
DA:100,2
DA:101,4
DA:103,0
DA:106,2
DA:108,8
DA:110,8
DA:115,2
DA:117,2
DA:118,2
DA:120,6
DA:121,1
DA:122,2
DA:124,2
DA:126,2
DA:127,2
DA:128,4
DA:130,2
DA:132,2
DA:133,2
DA:136,2
DA:137,2
DA:138,2
DA:139,2
DA:140,6
DA:141,2
DA:143,4
DA:145,2
DA:146,0
DA:148,0
DA:156,1
DA:157,1
DA:159,4
DA:160,2
DA:162,1
DA:164,2
DA:165,2
DA:167,1
DA:168,1
DA:169,1
DA:170,2
DA:171,4
DA:173,1
DA:175,1
DA:176,1
DA:179,0
DA:181,1
DA:182,1
DA:183,1
DA:185,4
DA:190,1
DA:193,0
DA:200,0
DA:201,0
DA:203,0
DA:204,0
DA:206,0
DA:207,0
DA:208,0
DA:209,0
DA:210,0
DA:212,0
DA:214,0
DA:215,0
DA:216,0
DA:218,0
DA:220,0
DA:224,0
DA:225,0
DA:226,0
DA:227,0
DA:229,0
DA:245,2
DA:246,2
DA:248,8
DA:249,4
DA:251,2
DA:252,2
DA:253,2
DA:254,4
DA:255,8
DA:257,2
DA:259,2
DA:260,2
DA:261,2
DA:263,2
DA:265,2
DA:267,0
DA:271,4
DA:272,2
DA:273,4
DA:274,2
DA:276,0
DA:292,2
DA:294,2
DA:295,2
DA:298,2
DA:300,2
DA:301,2
DA:307,2
DA:308,6
DA:309,6
DA:310,6
DA:311,6
DA:313,4
DA:314,2
DA:317,2
DA:318,4
DA:320,2
DA:322,4
DA:323,2
DA:324,4
DA:325,2
DA:326,4
DA:327,4
DA:329,2
DA:331,2
DA:332,2
DA:333,2
DA:334,2
DA:337,2
DA:339,2
DA:342,6
DA:344,2
DA:345,2
DA:346,2
DA:355,2
LF:157
LH:120
end_of_record
SF:lib/src/utils/request_coordinator.dart
DA:7,4
DA:10,3
DA:11,6
DA:15,3
DA:16,6
DA:20,3
DA:21,6
DA:24,6
DA:29,3
DA:30,6
DA:34,3
DA:35,6
LF:12
LH:12
end_of_record
SF:lib/src/utils/search_debouncer.dart
DA:7,3
DA:17,1
DA:18,2
DA:19,3
DA:23,3
DA:24,4
DA:25,3
LF:7
LH:7
end_of_record
